####2017-01-22 17:39:42
同步失败：/wwwroot/itrt/wwwroot/class/fileClass.class.php
####2017-01-22 17:39:42
同步失败：/wwwroot/itrt/wwwroot/class/logClass.class.php
####2017-01-22 17:39:42
同步失败：/wwwroot/itrt/wwwroot/class/pageClass.class.php
####2017-01-22 17:39:42
同步失败：/wwwroot/itrt/wwwroot/class/pushClass.class.php
####2017-01-22 17:39:42
同步失败：/wwwroot/itrt/wwwroot/class/sqlClass.class.php
####2017-01-22 17:39:42
同步失败：/wwwroot/itrt/wwwroot/class/strClass.class.php
####2017-01-22 17:39:42
同步失败：/wwwroot/log/wwwroot/class/dataClass.class.php
####2017-01-22 17:39:42
同步失败：/wwwroot/log/wwwroot/class/desClass.class.php
####2017-01-22 17:39:42
同步失败：/wwwroot/log/wwwroot/class/emailClass.class.php
####2017-01-22 17:39:42
同步失败：/wwwroot/log/wwwroot/class/fileClass.class.php
####2017-01-22 17:39:42
同步失败：/wwwroot/log/wwwroot/class/logClass.class.php
####2017-01-22 17:39:42
同步失败：/wwwroot/log/wwwroot/class/pageClass.class.php
####2017-01-22 17:39:42
同步失败：/wwwroot/log/wwwroot/class/pushClass.class.php
####2017-01-22 17:39:42
同步失败：/wwwroot/log/wwwroot/class/sqlClass.class.php
####2017-01-22 17:39:42
同步失败：/wwwroot/log/wwwroot/class/strClass.class.php
####2017-01-22 17:39:42
同步失败：/wwwroot/mes/wwwroot/class/dataClass.class.php
####2017-01-22 17:39:42
同步失败：/wwwroot/mes/wwwroot/class/desClass.class.php
####2017-01-22 17:39:42
同步失败：/wwwroot/mes/wwwroot/class/emailClass.class.php
####2017-01-22 17:39:42
同步失败：/wwwroot/mes/wwwroot/class/fileClass.class.php
####2017-01-22 17:39:42
同步失败：/wwwroot/mes/wwwroot/class/logClass.class.php
####2017-01-22 17:39:42
同步失败：/wwwroot/mes/wwwroot/class/pageClass.class.php
####2017-01-22 17:39:42
同步失败：/wwwroot/mes/wwwroot/class/pushClass.class.php
####2017-01-22 17:39:42
同步失败：/wwwroot/mes/wwwroot/class/sqlClass.class.php
####2017-01-22 17:39:42
同步失败：/wwwroot/mes/wwwroot/class/strClass.class.php
####2017-01-22 17:39:42
同步失败：/wwwroot/msg/wwwroot/class/dataClass.class.php
####2017-01-22 17:39:42
同步失败：/wwwroot/msg/wwwroot/class/desClass.class.php
####2017-01-22 17:39:42
同步失败：/wwwroot/msg/wwwroot/class/emailClass.class.php
####2017-01-22 17:39:42
同步失败：/wwwroot/msg/wwwroot/class/fileClass.class.php
####2017-01-22 17:39:42
同步失败：/wwwroot/msg/wwwroot/class/logClass.class.php
####2017-01-22 17:39:42
同步失败：/wwwroot/msg/wwwroot/class/pageClass.class.php
####2017-01-22 17:39:42
同步失败：/wwwroot/msg/wwwroot/class/pushClass.class.php
####2017-01-22 17:39:42
同步失败：/wwwroot/msg/wwwroot/class/sqlClass.class.php
####2017-01-22 17:39:42
同步失败：/wwwroot/msg/wwwroot/class/strClass.class.php
####2017-01-22 17:40:02
同步失败：/wwwroot/data/wwwroot/class/dataClass.class.php
####2017-01-22 17:40:12
同步失败：/wwwroot/itrt/wwwroot/class/fileClass.class.php
####2017-01-22 17:40:12
同步失败：/wwwroot/itrt/wwwroot/class/logClass.class.php
####2017-01-22 17:40:12
同步失败：/wwwroot/itrt/wwwroot/class/pageClass.class.php
####2017-01-22 17:40:12
同步失败：/wwwroot/itrt/wwwroot/class/pushClass.class.php
####2017-01-22 17:40:12
同步失败：/wwwroot/itrt/wwwroot/class/sqlClass.class.php
####2017-01-22 17:40:12
同步失败：/wwwroot/itrt/wwwroot/class/strClass.class.php
####2017-01-22 17:40:12
同步失败：/wwwroot/log/wwwroot/class/dataClass.class.php
####2017-01-22 17:40:12
同步失败：/wwwroot/log/wwwroot/class/desClass.class.php
####2017-01-22 17:40:12
同步失败：/wwwroot/log/wwwroot/class/emailClass.class.php
####2017-01-22 17:40:12
同步失败：/wwwroot/log/wwwroot/class/fileClass.class.php
####2017-01-22 17:40:12
同步失败：/wwwroot/log/wwwroot/class/logClass.class.php
####2017-01-22 17:40:12
同步失败：/wwwroot/log/wwwroot/class/pageClass.class.php
####2017-01-22 17:40:12
同步失败：/wwwroot/log/wwwroot/class/pushClass.class.php
####2017-01-22 17:40:12
同步失败：/wwwroot/log/wwwroot/class/sqlClass.class.php
####2017-01-22 17:40:12
同步失败：/wwwroot/log/wwwroot/class/strClass.class.php
####2017-01-22 17:40:12
同步失败：/wwwroot/mes/wwwroot/class/dataClass.class.php
####2017-01-22 17:40:12
同步失败：/wwwroot/mes/wwwroot/class/desClass.class.php
####2017-01-22 17:40:12
同步失败：/wwwroot/mes/wwwroot/class/emailClass.class.php
####2017-01-22 17:40:12
同步失败：/wwwroot/mes/wwwroot/class/fileClass.class.php
####2017-01-22 17:40:12
同步失败：/wwwroot/mes/wwwroot/class/logClass.class.php
####2017-01-22 17:40:12
同步失败：/wwwroot/mes/wwwroot/class/pageClass.class.php
####2017-01-22 17:40:12
同步失败：/wwwroot/mes/wwwroot/class/pushClass.class.php
####2017-01-22 17:40:12
同步失败：/wwwroot/mes/wwwroot/class/sqlClass.class.php
####2017-01-22 17:40:12
同步失败：/wwwroot/mes/wwwroot/class/strClass.class.php
####2017-01-22 17:40:12
同步失败：/wwwroot/msg/wwwroot/class/dataClass.class.php
####2017-01-22 17:40:12
同步失败：/wwwroot/msg/wwwroot/class/desClass.class.php
####2017-01-22 17:40:12
同步失败：/wwwroot/msg/wwwroot/class/emailClass.class.php
####2017-01-22 17:40:12
同步失败：/wwwroot/msg/wwwroot/class/fileClass.class.php
####2017-01-22 17:40:12
同步失败：/wwwroot/msg/wwwroot/class/logClass.class.php
####2017-01-22 17:40:12
同步失败：/wwwroot/msg/wwwroot/class/pageClass.class.php
####2017-01-22 17:40:12
同步失败：/wwwroot/msg/wwwroot/class/pushClass.class.php
####2017-01-22 17:40:12
同步失败：/wwwroot/msg/wwwroot/class/sqlClass.class.php
####2017-01-22 17:40:12
同步失败：/wwwroot/msg/wwwroot/class/strClass.class.php
####2017-01-22 17:40:26
同步失败：/wwwroot/data/wwwroot/class/strClass.class.php
####2017-01-22 17:40:26
同步失败：/wwwroot/dyn/wwwroot/class/dataClass.class.php
####2017-01-22 17:40:26
同步失败：/wwwroot/dyn/wwwroot/class/desClass.class.php
####2017-01-22 17:40:27
同步失败：/wwwroot/dyn/wwwroot/class/emailClass.class.php
####2017-01-22 17:40:27
同步失败：/wwwroot/dyn/wwwroot/class/fileClass.class.php
####2017-01-22 17:40:27
同步失败：/wwwroot/dyn/wwwroot/class/logClass.class.php
####2017-01-22 17:40:29
同步失败：/wwwroot/dyn/wwwroot/class/pageClass.class.php
####2017-01-22 17:40:29
同步失败：/wwwroot/dyn/wwwroot/class/pushClass.class.php
####2017-01-22 17:40:30
同步失败：/wwwroot/itrt/wwwroot/class/emailClass.class.php
####2017-01-22 17:40:30
同步失败：/wwwroot/itrt/wwwroot/class/fileClass.class.php
####2017-01-22 17:40:30
同步失败：/wwwroot/itrt/wwwroot/class/logClass.class.php
####2017-01-22 17:40:30
同步失败：/wwwroot/itrt/wwwroot/class/pageClass.class.php
####2017-01-22 17:40:30
同步失败：/wwwroot/itrt/wwwroot/class/pushClass.class.php
####2017-01-22 17:40:30
同步失败：/wwwroot/itrt/wwwroot/class/sqlClass.class.php
####2017-01-22 17:40:30
同步失败：/wwwroot/itrt/wwwroot/class/strClass.class.php
####2017-01-22 17:40:30
同步失败：/wwwroot/log/wwwroot/class/dataClass.class.php
####2017-01-22 17:40:30
同步失败：/wwwroot/log/wwwroot/class/desClass.class.php
####2017-01-22 17:40:30
同步失败：/wwwroot/log/wwwroot/class/emailClass.class.php
####2017-01-22 17:40:30
同步失败：/wwwroot/log/wwwroot/class/fileClass.class.php
####2017-01-22 17:40:30
同步失败：/wwwroot/log/wwwroot/class/logClass.class.php
####2017-01-22 17:40:30
同步失败：/wwwroot/log/wwwroot/class/pageClass.class.php
####2017-01-22 17:40:30
同步失败：/wwwroot/log/wwwroot/class/pushClass.class.php
####2017-01-22 17:40:30
同步失败：/wwwroot/log/wwwroot/class/sqlClass.class.php
####2017-01-22 17:40:30
同步失败：/wwwroot/log/wwwroot/class/strClass.class.php
####2017-01-22 17:40:30
同步失败：/wwwroot/mes/wwwroot/class/dataClass.class.php
####2017-01-22 17:40:30
同步失败：/wwwroot/mes/wwwroot/class/desClass.class.php
####2017-01-22 17:40:30
同步失败：/wwwroot/mes/wwwroot/class/emailClass.class.php
####2017-01-22 17:40:30
同步失败：/wwwroot/mes/wwwroot/class/fileClass.class.php
####2017-01-22 17:40:30
同步失败：/wwwroot/mes/wwwroot/class/logClass.class.php
####2017-01-22 17:40:30
同步失败：/wwwroot/mes/wwwroot/class/pageClass.class.php
####2017-01-22 17:40:30
同步失败：/wwwroot/mes/wwwroot/class/pushClass.class.php
####2017-01-22 17:40:30
同步失败：/wwwroot/mes/wwwroot/class/sqlClass.class.php
####2017-01-22 17:40:30
同步失败：/wwwroot/mes/wwwroot/class/strClass.class.php
####2017-01-22 17:40:30
同步失败：/wwwroot/msg/wwwroot/class/dataClass.class.php
####2017-01-22 17:40:30
同步失败：/wwwroot/msg/wwwroot/class/desClass.class.php
####2017-01-22 17:40:30
同步失败：/wwwroot/msg/wwwroot/class/emailClass.class.php
####2017-01-22 17:40:30
同步失败：/wwwroot/msg/wwwroot/class/fileClass.class.php
####2017-01-22 17:40:30
同步失败：/wwwroot/msg/wwwroot/class/logClass.class.php
####2017-01-22 17:40:30
同步失败：/wwwroot/msg/wwwroot/class/pageClass.class.php
####2017-01-22 17:40:30
同步失败：/wwwroot/msg/wwwroot/class/pushClass.class.php
####2017-01-22 17:40:30
同步失败：/wwwroot/msg/wwwroot/class/sqlClass.class.php
####2017-01-22 17:40:30
同步失败：/wwwroot/msg/wwwroot/class/strClass.class.php
####2017-01-22 17:40:33
同步失败：/wwwroot/dyn/wwwroot/class/sqlClass.class.php
####2017-01-22 17:40:34
同步失败：/wwwroot/dyn/wwwroot/class/strClass.class.php
####2017-01-22 17:40:36
同步失败：/wwwroot/home/wwwroot/class/dataClass.class.php
####2017-01-22 17:40:37
同步失败：/wwwroot/home/wwwroot/class/desClass.class.php
####2017-01-22 17:40:45
同步失败：/wwwroot/home/wwwroot/class/emailClass.class.php
####2017-01-22 17:41:03
同步失败：/wwwroot/home/wwwroot/class/fileClass.class.php
####2017-01-22 17:41:03
同步失败：/wwwroot/home/wwwroot/class/logClass.class.php
####2017-01-22 17:41:03
同步失败：/wwwroot/home/wwwroot/class/pageClass.class.php
####2017-01-22 17:41:03
同步失败：/wwwroot/home/wwwroot/class/pushClass.class.php
####2017-01-22 17:41:03
同步失败：/wwwroot/home/wwwroot/class/sqlClass.class.php
####2017-01-22 17:41:03
同步失败：/wwwroot/home/wwwroot/class/strClass.class.php
####2017-01-22 17:41:03
同步失败：/wwwroot/itrt/wwwroot/class/dataClass.class.php
####2017-01-22 17:41:03
同步失败：/wwwroot/itrt/wwwroot/class/desClass.class.php
####2017-01-22 17:41:03
同步失败：/wwwroot/itrt/wwwroot/class/emailClass.class.php
####2017-01-22 17:41:03
同步失败：/wwwroot/itrt/wwwroot/class/fileClass.class.php
####2017-01-22 17:41:03
同步失败：/wwwroot/itrt/wwwroot/class/logClass.class.php
####2017-01-22 17:41:03
同步失败：/wwwroot/itrt/wwwroot/class/pageClass.class.php
####2017-01-22 17:41:03
同步失败：/wwwroot/itrt/wwwroot/class/pushClass.class.php
####2017-01-22 17:41:03
同步失败：/wwwroot/itrt/wwwroot/class/sqlClass.class.php
####2017-01-22 17:41:03
同步失败：/wwwroot/itrt/wwwroot/class/strClass.class.php
####2017-01-22 17:41:03
同步失败：/wwwroot/log/wwwroot/class/dataClass.class.php
####2017-01-22 17:41:03
同步失败：/wwwroot/log/wwwroot/class/desClass.class.php
####2017-01-22 17:41:03
同步失败：/wwwroot/log/wwwroot/class/emailClass.class.php
####2017-01-22 17:41:03
同步失败：/wwwroot/log/wwwroot/class/fileClass.class.php
####2017-01-22 17:41:03
同步失败：/wwwroot/log/wwwroot/class/logClass.class.php
####2017-01-22 17:41:03
同步失败：/wwwroot/log/wwwroot/class/pageClass.class.php
####2017-01-22 17:41:03
同步失败：/wwwroot/log/wwwroot/class/pushClass.class.php
####2017-01-22 17:41:03
同步失败：/wwwroot/log/wwwroot/class/sqlClass.class.php
####2017-01-22 17:41:03
同步失败：/wwwroot/log/wwwroot/class/strClass.class.php
####2017-01-22 17:41:03
同步失败：/wwwroot/mes/wwwroot/class/dataClass.class.php
####2017-01-22 17:41:03
同步失败：/wwwroot/mes/wwwroot/class/desClass.class.php
####2017-01-22 17:41:03
同步失败：/wwwroot/mes/wwwroot/class/emailClass.class.php
####2017-01-22 17:41:03
同步失败：/wwwroot/mes/wwwroot/class/fileClass.class.php
####2017-01-22 17:41:03
同步失败：/wwwroot/mes/wwwroot/class/logClass.class.php
####2017-01-22 17:41:03
同步失败：/wwwroot/mes/wwwroot/class/pageClass.class.php
####2017-01-22 17:41:03
同步失败：/wwwroot/mes/wwwroot/class/pushClass.class.php
####2017-01-22 17:41:03
同步失败：/wwwroot/mes/wwwroot/class/sqlClass.class.php
####2017-01-22 17:41:03
同步失败：/wwwroot/mes/wwwroot/class/strClass.class.php
####2017-01-22 17:41:03
同步失败：/wwwroot/msg/wwwroot/class/dataClass.class.php
####2017-01-22 17:41:03
同步失败：/wwwroot/msg/wwwroot/class/desClass.class.php
####2017-01-22 17:41:03
同步失败：/wwwroot/msg/wwwroot/class/emailClass.class.php
####2017-01-22 17:41:03
同步失败：/wwwroot/msg/wwwroot/class/fileClass.class.php
####2017-01-22 17:41:03
同步失败：/wwwroot/msg/wwwroot/class/logClass.class.php
####2017-01-22 17:41:03
同步失败：/wwwroot/msg/wwwroot/class/pageClass.class.php
####2017-01-22 17:41:03
同步失败：/wwwroot/msg/wwwroot/class/pushClass.class.php
####2017-01-22 17:41:03
同步失败：/wwwroot/msg/wwwroot/class/sqlClass.class.php
####2017-01-22 17:41:03
同步失败：/wwwroot/msg/wwwroot/class/strClass.class.php
